<?xml version="1.0" encoding="UTF-8"?>
<!-- Generated by org.testng.reporters.JUnitXMLReporter -->
<testsuite ignored="0" hostname="DESKTOP-GT80QV6" failures="0" tests="12" name="Default test" time="8.845" errors="0" timestamp="2021-10-31T13:12:14 IST">
  <testcase classname="test.GetRequests.GetResuestTests" name="getAlbumInvalid" time="2.745"/>
  <testcase classname="test.GetRequests.GetResuestTests" name="getAlbumTen" time="1.075"/>
  <testcase classname="test.GetRequests.GetResuestTests" name="getAllPost" time="1.093"/>
  <testcase classname="test.GetRequests.GetResuestTests" name="getCommentsUnderFirstPost" time="0.232"/>
  <testcase classname="test.GetRequests.GetResuestTests" name="getFirstPost" time="0.211"/>
  <testcase classname="test.GetRequests.GetResuestTests" name="getFirstPostComment" time="0.252"/>
  <testcase classname="test.GetRequests.GetResuestTests" name="getFirstPostCommentInvalid" time="0.621"/>
  <testcase classname="test.GetRequests.GetResuestTests" name="getFirstPostCommentInvalid1" time="0.637"/>
  <testcase classname="test.GetRequests.GetResuestTests" name="getInvalidComment" time="0.745"/>
  <testcase classname="test.GetRequests.GetResuestTests" name="getInvalidPost" time="0.646"/>
  <testcase classname="test.GetRequests.GetResuestTests" name="getVeriFyEmailForFifthID" time="0.286"/>
  <testcase classname="test.GetRequests.GetResuestTests" name="getVeriFyIDHundrade" time="0.251"/>
</testsuite> <!-- Default test -->
