<?xml version="1.0" encoding="UTF-8"?>
<!-- Generated by org.testng.reporters.JUnitXMLReporter -->
<testsuite ignored="0" hostname="DESKTOP-GT80QV6" failures="0" tests="16" name="Test" time="10.913" errors="0" timestamp="2021-11-15T23:21:09 IST">
  <testcase classname="test.DeleteRequests.DeleteRequestTest" name="verifyDeleteEndPoint" time="2.307"/>
  <testcase classname="test.GetRequests.GetResuestTests" name="getAlbumInvalid" time="0.827"/>
  <testcase classname="test.GetRequests.GetResuestTests" name="getAlbumTen" time="1.084"/>
  <testcase classname="test.GetRequests.GetResuestTests" name="getAllPost" time="0.307"/>
  <testcase classname="test.GetRequests.GetResuestTests" name="getCommentsUnderFirstPost" time="0.205"/>
  <testcase classname="test.GetRequests.GetResuestTests" name="getFirstPost" time="0.231"/>
  <testcase classname="test.GetRequests.GetResuestTests" name="getFirstPostComment" time="0.214"/>
  <testcase classname="test.GetRequests.GetResuestTests" name="getFirstPostCommentInvalid" time="0.759"/>
  <testcase classname="test.GetRequests.GetResuestTests" name="getFirstPostCommentInvalid1" time="0.728"/>
  <testcase classname="test.GetRequests.GetResuestTests" name="getInvalidComment" time="0.736"/>
  <testcase classname="test.GetRequests.GetResuestTests" name="getInvalidPost" time="0.779"/>
  <testcase classname="test.GetRequests.GetResuestTests" name="getVeriFyEmailForFifthID" time="0.2"/>
  <testcase classname="test.GetRequests.GetResuestTests" name="getVeriFyIDHundrade" time="0.219"/>
  <testcase classname="test.PatchRequests.PatchRequestTest" name="verifyPutEndPoint" time="0.733"/>
  <testcase classname="test.PostRequests.PostRequestTest" name="verifyPostEndPoint" time="0.704"/>
  <testcase classname="test.PutRequest.PutRequestTest" name="verifyPatchEndPoint" time="0.825"/>
</testsuite> <!-- Test -->
