<?xml version="1.0" encoding="UTF-8"?>
<testng-results ignored="0" total="16" passed="16" failed="0" skipped="0">
  <reporter-output>
  </reporter-output>
  <suite started-at="2021-11-15T23:20:58 IST" name="Suite" finished-at="2021-11-15T23:21:09 IST" duration-ms="10913">
    <groups>
    </groups>
    <test started-at="2021-11-15T23:20:58 IST" name="Test" finished-at="2021-11-15T23:21:09 IST" duration-ms="10913">
      <class name="test.PostRequests.PostRequestTest">
        <test-method signature="verifyPostEndPoint()[pri:0, instance:test.PostRequests.PostRequestTest@51dcb805]" started-at="2021-11-15T23:21:08 IST" name="verifyPostEndPoint" finished-at="2021-11-15T23:21:08 IST" duration-ms="704" status="PASS">
          <reporter-output>
          </reporter-output>
        </test-method> <!-- verifyPostEndPoint -->
      </class> <!-- test.PostRequests.PostRequestTest -->
      <class name="test.DeleteRequests.DeleteRequestTest">
        <test-method signature="verifyDeleteEndPoint()[pri:0, instance:test.DeleteRequests.DeleteRequestTest@34f7cfd9]" started-at="2021-11-15T23:20:58 IST" name="verifyDeleteEndPoint" finished-at="2021-11-15T23:21:01 IST" duration-ms="2307" status="PASS">
          <reporter-output>
          </reporter-output>
        </test-method> <!-- verifyDeleteEndPoint -->
      </class> <!-- test.DeleteRequests.DeleteRequestTest -->
      <class name="test.GetRequests.GetResuestTests">
        <test-method signature="getAlbumInvalid()[pri:0, instance:test.GetRequests.GetResuestTests@120f102b]" started-at="2021-11-15T23:21:01 IST" name="getAlbumInvalid" finished-at="2021-11-15T23:21:01 IST" duration-ms="827" status="PASS">
          <reporter-output>
          </reporter-output>
        </test-method> <!-- getAlbumInvalid -->
        <test-method signature="getAlbumTen()[pri:0, instance:test.GetRequests.GetResuestTests@120f102b]" started-at="2021-11-15T23:21:01 IST" name="getAlbumTen" finished-at="2021-11-15T23:21:03 IST" duration-ms="1084" status="PASS">
          <reporter-output>
          </reporter-output>
        </test-method> <!-- getAlbumTen -->
        <test-method signature="getAllPost()[pri:0, instance:test.GetRequests.GetResuestTests@120f102b]" started-at="2021-11-15T23:21:03 IST" name="getAllPost" finished-at="2021-11-15T23:21:03 IST" duration-ms="307" status="PASS">
          <reporter-output>
          </reporter-output>
        </test-method> <!-- getAllPost -->
        <test-method signature="getCommentsUnderFirstPost()[pri:0, instance:test.GetRequests.GetResuestTests@120f102b]" started-at="2021-11-15T23:21:03 IST" name="getCommentsUnderFirstPost" finished-at="2021-11-15T23:21:03 IST" duration-ms="205" status="PASS">
          <reporter-output>
          </reporter-output>
        </test-method> <!-- getCommentsUnderFirstPost -->
        <test-method signature="getFirstPost()[pri:0, instance:test.GetRequests.GetResuestTests@120f102b]" started-at="2021-11-15T23:21:03 IST" name="getFirstPost" finished-at="2021-11-15T23:21:03 IST" duration-ms="231" status="PASS">
          <reporter-output>
          </reporter-output>
        </test-method> <!-- getFirstPost -->
        <test-method signature="getFirstPostComment()[pri:0, instance:test.GetRequests.GetResuestTests@120f102b]" started-at="2021-11-15T23:21:03 IST" name="getFirstPostComment" finished-at="2021-11-15T23:21:04 IST" duration-ms="214" status="PASS">
          <reporter-output>
          </reporter-output>
        </test-method> <!-- getFirstPostComment -->
        <test-method signature="getFirstPostCommentInvalid()[pri:0, instance:test.GetRequests.GetResuestTests@120f102b]" started-at="2021-11-15T23:21:04 IST" name="getFirstPostCommentInvalid" finished-at="2021-11-15T23:21:04 IST" duration-ms="759" status="PASS">
          <reporter-output>
          </reporter-output>
        </test-method> <!-- getFirstPostCommentInvalid -->
        <test-method signature="getFirstPostCommentInvalid1()[pri:0, instance:test.GetRequests.GetResuestTests@120f102b]" started-at="2021-11-15T23:21:04 IST" name="getFirstPostCommentInvalid1" finished-at="2021-11-15T23:21:05 IST" duration-ms="728" status="PASS">
          <reporter-output>
          </reporter-output>
        </test-method> <!-- getFirstPostCommentInvalid1 -->
        <test-method signature="getInvalidComment()[pri:0, instance:test.GetRequests.GetResuestTests@120f102b]" started-at="2021-11-15T23:21:05 IST" name="getInvalidComment" finished-at="2021-11-15T23:21:06 IST" duration-ms="736" status="PASS">
          <reporter-output>
          </reporter-output>
        </test-method> <!-- getInvalidComment -->
        <test-method signature="getInvalidPost()[pri:0, instance:test.GetRequests.GetResuestTests@120f102b]" started-at="2021-11-15T23:21:06 IST" name="getInvalidPost" finished-at="2021-11-15T23:21:07 IST" duration-ms="779" status="PASS">
          <reporter-output>
          </reporter-output>
        </test-method> <!-- getInvalidPost -->
        <test-method signature="getVeriFyEmailForFifthID()[pri:0, instance:test.GetRequests.GetResuestTests@120f102b]" started-at="2021-11-15T23:21:07 IST" name="getVeriFyEmailForFifthID" finished-at="2021-11-15T23:21:07 IST" duration-ms="200" status="PASS">
          <reporter-output>
          </reporter-output>
        </test-method> <!-- getVeriFyEmailForFifthID -->
        <test-method signature="getVeriFyIDHundrade()[pri:0, instance:test.GetRequests.GetResuestTests@120f102b]" started-at="2021-11-15T23:21:07 IST" name="getVeriFyIDHundrade" finished-at="2021-11-15T23:21:07 IST" duration-ms="219" status="PASS">
          <reporter-output>
          </reporter-output>
        </test-method> <!-- getVeriFyIDHundrade -->
      </class> <!-- test.GetRequests.GetResuestTests -->
      <class name="test.PutRequest.PutRequestTest">
        <test-method signature="verifyPatchEndPoint()[pri:0, instance:test.PutRequest.PutRequestTest@66498326]" started-at="2021-11-15T23:21:08 IST" name="verifyPatchEndPoint" finished-at="2021-11-15T23:21:09 IST" duration-ms="825" status="PASS">
          <reporter-output>
          </reporter-output>
        </test-method> <!-- verifyPatchEndPoint -->
      </class> <!-- test.PutRequest.PutRequestTest -->
      <class name="test.PatchRequests.PatchRequestTest">
        <test-method signature="verifyPutEndPoint()[pri:0, instance:test.PatchRequests.PatchRequestTest@625732]" started-at="2021-11-15T23:21:07 IST" name="verifyPutEndPoint" finished-at="2021-11-15T23:21:08 IST" duration-ms="733" status="PASS">
          <reporter-output>
          </reporter-output>
        </test-method> <!-- verifyPutEndPoint -->
      </class> <!-- test.PatchRequests.PatchRequestTest -->
    </test> <!-- Test -->
  </suite> <!-- Suite -->
</testng-results>
